<?xml version="1.0" encoding="UTF-8"?>
<testsuite xmlns:xsi="http://www.w3.org/2001/XMLSchema-instance" xsi:noNamespaceSchemaLocation="https://maven.apache.org/surefire/maven-surefire-plugin/xsd/surefire-test-report-3.0.xsd" version="3.0" name="ru.TestItNewPack.SimplePack.SimpleTest" time="0.959" tests="2" errors="0" skipped="0" failures="0">
  <properties>
    <property name="sun.desktop" value="windows"/>
    <property name="awt.toolkit" value="sun.awt.windows.WToolkit"/>
    <property name="file.encoding.pkg" value="sun.io"/>
    <property name="java.specification.version" value="1.8"/>
    <property name="sun.cpu.isalist" value="amd64"/>
    <property name="sun.jnu.encoding" value="Cp1251"/>
    <property name="java.class.path" value="D:\projects\libs\java\JUnit5\v.0.1_javaLib_Jupiter+Maven\projectMaven\target\test-classes;D:\projects\libs\java\JUnit5\v.0.1_javaLib_Jupiter+Maven\projectMaven\target\classes;C:\Users\mikhail.timofeev.TESTIT\.m2\repository\ru\testit\junit5\0.1\junit5-0.1.jar;C:\Users\mikhail.timofeev.TESTIT\.m2\repository\ch\qos\logback\logback-classic\1.2.3\logback-classic-1.2.3.jar;C:\Users\mikhail.timofeev.TESTIT\.m2\repository\ch\qos\logback\logback-core\1.2.3\logback-core-1.2.3.jar;C:\Users\mikhail.timofeev.TESTIT\.m2\repository\org\slf4j\slf4j-api\1.7.25\slf4j-api-1.7.25.jar;C:\Users\mikhail.timofeev.TESTIT\.m2\repository\com\fasterxml\jackson\core\jackson-databind\2.0.1\jackson-databind-2.0.1.jar;C:\Users\mikhail.timofeev.TESTIT\.m2\repository\com\fasterxml\jackson\core\jackson-annotations\2.0.1\jackson-annotations-2.0.1.jar;C:\Users\mikhail.timofeev.TESTIT\.m2\repository\com\fasterxml\jackson\core\jackson-core\2.0.1\jackson-core-2.0.1.jar;C:\Users\mikhail.timofeev.TESTIT\.m2\repository\org\projectlombok\lombok\1.18.16\lombok-1.18.16.jar;C:\Users\mikhail.timofeev.TESTIT\.m2\repository\org\apache\httpcomponents\httpclient\4.5.13\httpclient-4.5.13.jar;C:\Users\mikhail.timofeev.TESTIT\.m2\repository\org\apache\httpcomponents\httpcore\4.4.13\httpcore-4.4.13.jar;C:\Users\mikhail.timofeev.TESTIT\.m2\repository\commons-logging\commons-logging\1.2\commons-logging-1.2.jar;C:\Users\mikhail.timofeev.TESTIT\.m2\repository\commons-codec\commons-codec\1.11\commons-codec-1.11.jar;C:\Users\mikhail.timofeev.TESTIT\.m2\repository\org\apache\commons\commons-lang3\3.11\commons-lang3-3.11.jar;C:\Users\mikhail.timofeev.TESTIT\.m2\repository\org\aspectj\aspectjrt\1.9.2\aspectjrt-1.9.2.jar;C:\Users\mikhail.timofeev.TESTIT\.m2\repository\org\aspectj\aspectjweaver\1.9.2\aspectjweaver-1.9.2.jar;C:\Users\mikhail.timofeev.TESTIT\.m2\repository\org\junit\jupiter\junit-jupiter-api\5.6.0\junit-jupiter-api-5.6.0.jar;C:\Users\mikhail.timofeev.TESTIT\.m2\repository\org\apiguardian\apiguardian-api\1.1.0\apiguardian-api-1.1.0.jar;C:\Users\mikhail.timofeev.TESTIT\.m2\repository\org\opentest4j\opentest4j\1.2.0\opentest4j-1.2.0.jar;C:\Users\mikhail.timofeev.TESTIT\.m2\repository\org\junit\platform\junit-platform-commons\1.6.0\junit-platform-commons-1.6.0.jar;C:\Users\mikhail.timofeev.TESTIT\.m2\repository\org\junit\jupiter\junit-jupiter-engine\5.6.0\junit-jupiter-engine-5.6.0.jar;C:\Users\mikhail.timofeev.TESTIT\.m2\repository\org\junit\platform\junit-platform-engine\1.6.0\junit-platform-engine-1.6.0.jar;C:\Users\mikhail.timofeev.TESTIT\.m2\repository\org\junit\jupiter\junit-jupiter-params\5.6.0\junit-jupiter-params-5.6.0.jar;"/>
    <property name="java.vm.vendor" value="Oracle Corporation"/>
    <property name="sun.arch.data.model" value="64"/>
    <property name="user.variant" value=""/>
    <property name="java.vendor.url" value="http://java.oracle.com/"/>
    <property name="user.timezone" value="Europe/Moscow"/>
    <property name="java.vm.specification.version" value="1.8"/>
    <property name="os.name" value="Windows 10"/>
    <property name="user.country" value="RU"/>
    <property name="sun.java.launcher" value="SUN_STANDARD"/>
    <property name="sun.boot.library.path" value="C:\Program Files\Java\jdk1.8.0_271\jre\bin"/>
    <property name="sun.java.command" value="C:\Users\mikhail.timofeev.TESTIT\AppData\Local\Temp\surefire5567304387851344818\surefirebooter2080533755217056.jar C:\Users\mikhail.timofeev.TESTIT\AppData\Local\Temp\surefire5567304387851344818 2021-02-08T17-41-43_923-jvmRun1 surefire3774051038698780601tmp surefire_05333094547397795166tmp"/>
    <property name="surefire.test.class.path" value="D:\projects\libs\java\JUnit5\v.0.1_javaLib_Jupiter+Maven\projectMaven\target\test-classes;D:\projects\libs\java\JUnit5\v.0.1_javaLib_Jupiter+Maven\projectMaven\target\classes;C:\Users\mikhail.timofeev.TESTIT\.m2\repository\ru\testit\junit5\0.1\junit5-0.1.jar;C:\Users\mikhail.timofeev.TESTIT\.m2\repository\ch\qos\logback\logback-classic\1.2.3\logback-classic-1.2.3.jar;C:\Users\mikhail.timofeev.TESTIT\.m2\repository\ch\qos\logback\logback-core\1.2.3\logback-core-1.2.3.jar;C:\Users\mikhail.timofeev.TESTIT\.m2\repository\org\slf4j\slf4j-api\1.7.25\slf4j-api-1.7.25.jar;C:\Users\mikhail.timofeev.TESTIT\.m2\repository\com\fasterxml\jackson\core\jackson-databind\2.0.1\jackson-databind-2.0.1.jar;C:\Users\mikhail.timofeev.TESTIT\.m2\repository\com\fasterxml\jackson\core\jackson-annotations\2.0.1\jackson-annotations-2.0.1.jar;C:\Users\mikhail.timofeev.TESTIT\.m2\repository\com\fasterxml\jackson\core\jackson-core\2.0.1\jackson-core-2.0.1.jar;C:\Users\mikhail.timofeev.TESTIT\.m2\repository\org\projectlombok\lombok\1.18.16\lombok-1.18.16.jar;C:\Users\mikhail.timofeev.TESTIT\.m2\repository\org\apache\httpcomponents\httpclient\4.5.13\httpclient-4.5.13.jar;C:\Users\mikhail.timofeev.TESTIT\.m2\repository\org\apache\httpcomponents\httpcore\4.4.13\httpcore-4.4.13.jar;C:\Users\mikhail.timofeev.TESTIT\.m2\repository\commons-logging\commons-logging\1.2\commons-logging-1.2.jar;C:\Users\mikhail.timofeev.TESTIT\.m2\repository\commons-codec\commons-codec\1.11\commons-codec-1.11.jar;C:\Users\mikhail.timofeev.TESTIT\.m2\repository\org\apache\commons\commons-lang3\3.11\commons-lang3-3.11.jar;C:\Users\mikhail.timofeev.TESTIT\.m2\repository\org\aspectj\aspectjrt\1.9.2\aspectjrt-1.9.2.jar;C:\Users\mikhail.timofeev.TESTIT\.m2\repository\org\aspectj\aspectjweaver\1.9.2\aspectjweaver-1.9.2.jar;C:\Users\mikhail.timofeev.TESTIT\.m2\repository\org\junit\jupiter\junit-jupiter-api\5.6.0\junit-jupiter-api-5.6.0.jar;C:\Users\mikhail.timofeev.TESTIT\.m2\repository\org\apiguardian\apiguardian-api\1.1.0\apiguardian-api-1.1.0.jar;C:\Users\mikhail.timofeev.TESTIT\.m2\repository\org\opentest4j\opentest4j\1.2.0\opentest4j-1.2.0.jar;C:\Users\mikhail.timofeev.TESTIT\.m2\repository\org\junit\platform\junit-platform-commons\1.6.0\junit-platform-commons-1.6.0.jar;C:\Users\mikhail.timofeev.TESTIT\.m2\repository\org\junit\jupiter\junit-jupiter-engine\5.6.0\junit-jupiter-engine-5.6.0.jar;C:\Users\mikhail.timofeev.TESTIT\.m2\repository\org\junit\platform\junit-platform-engine\1.6.0\junit-platform-engine-1.6.0.jar;C:\Users\mikhail.timofeev.TESTIT\.m2\repository\org\junit\jupiter\junit-jupiter-params\5.6.0\junit-jupiter-params-5.6.0.jar;"/>
    <property name="sun.cpu.endian" value="little"/>
    <property name="user.home" value="C:\Users\mikhail.timofeev.TESTIT"/>
    <property name="user.language" value="ru"/>
    <property name="java.specification.vendor" value="Oracle Corporation"/>
    <property name="java.home" value="C:\Program Files\Java\jdk1.8.0_271\jre"/>
    <property name="basedir" value="D:\projects\libs\java\JUnit5\v.0.1_javaLib_Jupiter+Maven\projectMaven"/>
    <property name="file.separator" value="\"/>
    <property name="line.separator" value="&#10;"/>
    <property name="java.vm.specification.vendor" value="Oracle Corporation"/>
    <property name="java.specification.name" value="Java Platform API Specification"/>
    <property name="java.awt.graphicsenv" value="sun.awt.Win32GraphicsEnvironment"/>
    <property name="surefire.real.class.path" value="C:\Users\mikhail.timofeev.TESTIT\AppData\Local\Temp\surefire5567304387851344818\surefirebooter2080533755217056.jar"/>
    <property name="sun.boot.class.path" value="C:\Program Files\Java\jdk1.8.0_271\jre\lib\resources.jar;C:\Program Files\Java\jdk1.8.0_271\jre\lib\rt.jar;C:\Program Files\Java\jdk1.8.0_271\jre\lib\sunrsasign.jar;C:\Program Files\Java\jdk1.8.0_271\jre\lib\jsse.jar;C:\Program Files\Java\jdk1.8.0_271\jre\lib\jce.jar;C:\Program Files\Java\jdk1.8.0_271\jre\lib\charsets.jar;C:\Program Files\Java\jdk1.8.0_271\jre\lib\jfr.jar;C:\Program Files\Java\jdk1.8.0_271\jre\classes"/>
    <property name="user.script" value=""/>
    <property name="sun.management.compiler" value="HotSpot 64-Bit Tiered Compilers"/>
    <property name="java.runtime.version" value="1.8.0_271-b09"/>
    <property name="user.name" value="mikhail.timofeev"/>
    <property name="path.separator" value=";"/>
    <property name="os.version" value="10.0"/>
    <property name="java.endorsed.dirs" value="C:\Program Files\Java\jdk1.8.0_271\jre\lib\endorsed"/>
    <property name="java.runtime.name" value="Java(TM) SE Runtime Environment"/>
    <property name="file.encoding" value="Cp1251"/>
    <property name="java.vm.name" value="Java HotSpot(TM) 64-Bit Server VM"/>
    <property name="localRepository" value="C:\Users\mikhail.timofeev.TESTIT\.m2\repository"/>
    <property name="java.vendor.url.bug" value="http://bugreport.sun.com/bugreport/"/>
    <property name="java.io.tmpdir" value="C:\Users\MIKHAI~1.TES\AppData\Local\Temp\"/>
    <property name="java.version" value="1.8.0_271"/>
    <property name="user.dir" value="D:\projects\libs\java\JUnit5\v.0.1_javaLib_Jupiter+Maven\projectMaven"/>
    <property name="os.arch" value="amd64"/>
    <property name="java.vm.specification.name" value="Java Virtual Machine Specification"/>
    <property name="java.awt.printerjob" value="sun.awt.windows.WPrinterJob"/>
    <property name="sun.os.patch.level" value=""/>
    <property name="java.library.path" value="C:\Program Files\Java\jdk1.8.0_271\jre\bin;C:\Windows\Sun\Java\bin;C:\Windows\system32;C:\Windows;C:\Users\mikhail.timofeev.TESTIT\bin;C:\Program Files\Git\mingw64\bin;C:\Program Files\Git\usr\local\bin;C:\Program Files\Git\usr\bin;C:\Program Files\Git\usr\bin;C:\Program Files\Git\mingw64\bin;C:\Program Files\Git\usr\bin;C:\Users\mikhail.timofeev.TESTIT\bin;C:\Program Files (x86)\Common Files\Oracle\Java\javapath;C:\Windows\system32;C:\Windows;C:\Windows\System32\Wbem;C:\Windows\System32\WindowsPowerShell\v1.0;C:\Windows\System32\OpenSSH;C:\Program Files\Java\jdk1.8.0_271\bin;C:\Program Files\Git\cmd;C:\Program Files\Microsoft SQL Server\130\Tools\Binn;C:\Program Files (x86)\Brackets\command;C:\Program Files\Microsoft SQL Server\Client SDK\ODBC\170\Tools\Binn;C:\tools\apache-maven-3.6.3\bin;C:\Program Files\dotnet;C:\Program Files\Docker\Docker\resources\bin;C:\ProgramData\DockerDesktop\version-bin;C:\Users\mikhail.timofeev.TESTIT\AppData\Local\Programs\Python\Python39\Scripts;C:\Users\mikhail.timofeev.TESTIT\AppData\Local\Programs\Python\Python39;C:\Users\mikhail.timofeev.TESTIT\AppData\Local\Microsoft\WindowsApps;C:\Program Files\JetBrains\IntelliJ IDEA Community Edition 2019.3.5\bin;%M2%;C:\Program Files\JetBrains\JetBrains Rider 2020.3\bin;C:\Users\mikhail.timofeev.TESTIT\.dotnet\tools;D:\IDE\PyCharm Community Edition 2020.3.2\bin;C:\Program Files\Git\usr\bin\vendor_perl;C:\Program Files\Git\usr\bin\core_perl;."/>
    <property name="java.vm.info" value="mixed mode"/>
    <property name="java.vendor" value="Oracle Corporation"/>
    <property name="java.vm.version" value="25.271-b09"/>
    <property name="java.ext.dirs" value="C:\Program Files\Java\jdk1.8.0_271\jre\lib\ext;C:\Windows\Sun\Java\lib\ext"/>
    <property name="sun.io.unicode.encoding" value="UnicodeLittle"/>
    <property name="java.class.version" value="52.0"/>
  </properties>
  <testcase name="oneAgainTrueReallyTrue" classname="ru.TestItNewPack.SimplePack.SimpleTest" time="0.021"/>
  <testcase name="itsTrueReallyTrue" classname="ru.TestItNewPack.SimplePack.SimpleTest" time="0.003"/>
</testsuite>