<?xml version="1.0" encoding="UTF-8"?>
<testsuite name="ru.testit.Demo2Test.Demo3Test" tests="1" skipped="0" failures="0" errors="0" timestamp="2021-02-08T12:10:37" hostname="dsk-timofeev" time="0.02">
  <properties/>
  <testcase name="itsTrueReallyTrue()" classname="ru.testit.Demo2Test.Demo3Test" time="0.02"/>
  <system-out><![CDATA[]]></system-out>
  <system-err><![CDATA[]]></system-err>
</testsuite>
